-------------------------------------------------------------------------------
Test set: com.zaid.threadsafe.StringImmutableTest
-------------------------------------------------------------------------------
Tests run: 1, Failures: 1, Errors: 0, Skipped: 0, Time elapsed: 0.003 sec <<< FAILURE!
checkStringImmutableIsImmutable(com.zaid.threadsafe.StringImmutableTest)  Time elapsed: 0.002 sec  <<< FAILURE!
org.mutabilitydetector.unittesting.MutabilityAssertionError: 
Expected: com.zaid.threadsafe.StringImmutable to be IMMUTABLE
     but: com.zaid.threadsafe.StringImmutable is actually NOT_IMMUTABLE
    Reasons:
        Field can have a mutable type (an array) assigned to it. [Field: value, Class: com.zaid.threadsafe.StringImmutable]
        Field is an array. [Field: value, Class: com.zaid.threadsafe.StringImmutable]
    Allowed reasons:
        Field is not final, if shared across threads the Java Memory Model will not guarantee it is initialised before it is read. [Field: hash, Class: com.zaid.threadsafe.StringImmutable]
        Field is not final, if shared across threads the Java Memory Model will not guarantee it is initialised before it is read. [Field: hash, Class: com.zaid.threadsafe.StringImmutable]
        Field [hash] can be reassigned within method [hashCode] [Field: hash, Class: com.zaid.threadsafe.StringImmutable]

	at org.mutabilitydetector.unittesting.internal.AssertionReporter.assertThat(AssertionReporter.java:48)
	at org.mutabilitydetector.unittesting.MutabilityAsserter.assertInstancesOf(MutabilityAsserter.java:138)
	at org.mutabilitydetector.unittesting.MutabilityAssert.assertInstancesOf(MutabilityAssert.java:781)
	at com.zaid.threadsafe.StringImmutableTest.checkStringImmutableIsImmutable(StringImmutableTest.java:16)
	at sun.reflect.NativeMethodAccessorImpl.invoke0(Native Method)
	at sun.reflect.NativeMethodAccessorImpl.invoke(NativeMethodAccessorImpl.java:62)
	at sun.reflect.DelegatingMethodAccessorImpl.invoke(DelegatingMethodAccessorImpl.java:43)
	at java.lang.reflect.Method.invoke(Method.java:498)
	at org.junit.runners.model.FrameworkMethod$1.runReflectiveCall(FrameworkMethod.java:50)
	at org.junit.internal.runners.model.ReflectiveCallable.run(ReflectiveCallable.java:12)
	at org.junit.runners.model.FrameworkMethod.invokeExplosively(FrameworkMethod.java:47)
	at org.junit.internal.runners.statements.InvokeMethod.evaluate(InvokeMethod.java:17)
	at org.junit.runners.ParentRunner.runLeaf(ParentRunner.java:325)
	at org.junit.runners.BlockJUnit4ClassRunner.runChild(BlockJUnit4ClassRunner.java:78)
	at org.junit.runners.BlockJUnit4ClassRunner.runChild(BlockJUnit4ClassRunner.java:57)
	at org.junit.runners.ParentRunner$3.run(ParentRunner.java:290)
	at org.junit.runners.ParentRunner$1.schedule(ParentRunner.java:71)
	at org.junit.runners.ParentRunner.runChildren(ParentRunner.java:288)
	at org.junit.runners.ParentRunner.access$000(ParentRunner.java:58)
	at org.junit.runners.ParentRunner$2.evaluate(ParentRunner.java:268)
	at org.junit.runners.ParentRunner.run(ParentRunner.java:363)
	at org.apache.maven.surefire.junit4.JUnit4Provider.execute(JUnit4Provider.java:252)
	at org.apache.maven.surefire.junit4.JUnit4Provider.executeTestSet(JUnit4Provider.java:141)
	at org.apache.maven.surefire.junit4.JUnit4Provider.invoke(JUnit4Provider.java:112)
	at sun.reflect.NativeMethodAccessorImpl.invoke0(Native Method)
	at sun.reflect.NativeMethodAccessorImpl.invoke(NativeMethodAccessorImpl.java:62)
	at sun.reflect.DelegatingMethodAccessorImpl.invoke(DelegatingMethodAccessorImpl.java:43)
	at java.lang.reflect.Method.invoke(Method.java:498)
	at org.apache.maven.surefire.util.ReflectionUtils.invokeMethodWithArray(ReflectionUtils.java:189)
	at org.apache.maven.surefire.booter.ProviderFactory$ProviderProxy.invoke(ProviderFactory.java:165)
	at org.apache.maven.surefire.booter.ProviderFactory.invokeProvider(ProviderFactory.java:85)
	at org.apache.maven.surefire.booter.ForkedBooter.runSuitesInProcess(ForkedBooter.java:115)
	at org.apache.maven.surefire.booter.ForkedBooter.main(ForkedBooter.java:75)

